10:42:55.899 [main] INFO  ContactFormServer - Server started on port 8000
10:43:41.499 [HTTP-Dispatcher] INFO  ContactFormServer - Received contact form:
name=Micha&email=micha@mycompressioncoach.com&message=Hello
11:06:13.331 [main] INFO  ContactFormServer - Server started on port 8000
11:06:16.758 [HTTP-Dispatcher] INFO  ContactFormServer - Received contact form:
name=Micha&email=micha@mycompressioncoach.com&message=Hello
19:57:26.411 [main] INFO  ContactFormServer - Server started on port 8000
19:58:15.703 [HTTP-Dispatcher] INFO  ContactFormServer - Received contact form:
------WebKitFormBoundary1pomMUOtBMAwFV0O
Content-Disposition: form-data; name="firstName"

Julius
------WebKitFormBoundary1pomMUOtBMAwFV0O
Content-Disposition: form-data; name="lastName"

Glamann
------WebKitFormBoundary1pomMUOtBMAwFV0O
Content-Disposition: form-data; name="phone"

017657653433
------WebKitFormBoundary1pomMUOtBMAwFV0O
Content-Disposition: form-data; name="email"

julius@glamann.com
------WebKitFormBoundary1pomMUOtBMAwFV0O
Content-Disposition: form-data; name="message"

Hallo es klappt
------WebKitFormBoundary1pomMUOtBMAwFV0O--

20:00:33.893 [main] INFO  ContactFormServer - Server started on port 8000
20:00:45.389 [HTTP-Dispatcher] INFO  ContactFormServer - Received contact form:
------WebKitFormBoundary9ZyqTl9w0iCu8lxA
Content-Disposition: form-data; name="firstName"

test
------WebKitFormBoundary9ZyqTl9w0iCu8lxA
Content-Disposition: form-data; name="lastName"

i
------WebKitFormBoundary9ZyqTl9w0iCu8lxA
Content-Disposition: form-data; name="phone"

123
------WebKitFormBoundary9ZyqTl9w0iCu8lxA
Content-Disposition: form-data; name="email"

julius@glamann.com
------WebKitFormBoundary9ZyqTl9w0iCu8lxA
Content-Disposition: form-data; name="message"

hallo mallo
------WebKitFormBoundary9ZyqTl9w0iCu8lxA--

20:02:27.107 [main] INFO  ContactFormServer - Server started on port 8000
20:02:37.293 [HTTP-Dispatcher] INFO  ContactFormServer - Received contact form:
------WebKitFormBoundaryKwRJlhjFd5KzGMw0
Content-Disposition: form-data; name="firstName"

Julius
------WebKitFormBoundaryKwRJlhjFd5KzGMw0
Content-Disposition: form-data; name="lastName"

Glamann
------WebKitFormBoundaryKwRJlhjFd5KzGMw0
Content-Disposition: form-data; name="phone"

017657653433
------WebKitFormBoundaryKwRJlhjFd5KzGMw0
Content-Disposition: form-data; name="email"

julius@glamann.com
------WebKitFormBoundaryKwRJlhjFd5KzGMw0
Content-Disposition: form-data; name="message"

Hallo
------WebKitFormBoundaryKwRJlhjFd5KzGMw0--

20:06:32.478 [main] INFO  ContactFormServer - Server started on port 8000
20:06:55.211 [HTTP-Dispatcher] INFO  ContactFormServer - Received contact form:
------WebKitFormBoundaryfH9BUhBVP9Kr2GX2
Content-Disposition: form-data; name="firstName"

sdf
------WebKitFormBoundaryfH9BUhBVP9Kr2GX2
Content-Disposition: form-data; name="lastName"

sdf
------WebKitFormBoundaryfH9BUhBVP9Kr2GX2
Content-Disposition: form-data; name="phone"

dsf
------WebKitFormBoundaryfH9BUhBVP9Kr2GX2
Content-Disposition: form-data; name="email"

josifs@gmail.com
------WebKitFormBoundaryfH9BUhBVP9Kr2GX2
Content-Disposition: form-data; name="message"

LOL
------WebKitFormBoundaryfH9BUhBVP9Kr2GX2--

20:08:09.492 [HTTP-Dispatcher] INFO  ContactFormServer - Received contact form:
------WebKitFormBoundaryTOaTdtIcPOUS1Hv0
Content-Disposition: form-data; name="firstName"

Julius 
------WebKitFormBoundaryTOaTdtIcPOUS1Hv0
Content-Disposition: form-data; name="lastName"

Glamann
------WebKitFormBoundaryTOaTdtIcPOUS1Hv0
Content-Disposition: form-data; name="phone"

017657653433
------WebKitFormBoundaryTOaTdtIcPOUS1Hv0
Content-Disposition: form-data; name="email"

julius@glamann.com
------WebKitFormBoundaryTOaTdtIcPOUS1Hv0
Content-Disposition: form-data; name="message"

Test
------WebKitFormBoundaryTOaTdtIcPOUS1Hv0--

19:08:06.326 [main] INFO  ContactFormServer - Server started on port 8000
19:08:31.997 [HTTP-Dispatcher] INFO  ContactFormServer - Received contact form:
------WebKitFormBoundaryOURQ6UQNsprNcTcM
Content-Disposition: form-data; name="firstName"

first
------WebKitFormBoundaryOURQ6UQNsprNcTcM
Content-Disposition: form-data; name="lastName"

last
------WebKitFormBoundaryOURQ6UQNsprNcTcM
Content-Disposition: form-data; name="phone"

012345678910
------WebKitFormBoundaryOURQ6UQNsprNcTcM
Content-Disposition: form-data; name="email"

myemail@email.com
------WebKitFormBoundaryOURQ6UQNsprNcTcM
Content-Disposition: form-data; name="message"

message
------WebKitFormBoundaryOURQ6UQNsprNcTcM--

19:12:41.875 [main] INFO  ContactFormServer - Server started on port 8000
19:13:02.398 [HTTP-Dispatcher] INFO  ContactFormServer - Received contact form:
19:13:02.399 [HTTP-Dispatcher] INFO  ContactFormServer - firstName: first
19:13:02.400 [HTTP-Dispatcher] INFO  ContactFormServer - lastName: last
19:13:02.400 [HTTP-Dispatcher] INFO  ContactFormServer - phone: 0123456789
19:13:02.400 [HTTP-Dispatcher] INFO  ContactFormServer - message: msg
19:13:02.400 [HTTP-Dispatcher] INFO  ContactFormServer - email: gmal@com.com
19:14:59.062 [main] INFO  ContactFormServer - Server started on port 8000
19:15:09.533 [HTTP-Dispatcher] INFO  ContactFormServer - Received contact form:
19:15:09.534 [HTTP-Dispatcher] INFO  ContactFormServer - firstName:
jasper
19:15:09.535 [HTTP-Dispatcher] INFO  ContactFormServer - lastName:
cd
19:15:09.535 [HTTP-Dispatcher] INFO  ContactFormServer - phone:
1234
19:15:09.535 [HTTP-Dispatcher] INFO  ContactFormServer - message:
hi
19:15:09.535 [HTTP-Dispatcher] INFO  ContactFormServer - email:
jg@g.com
19:16:03.781 [main] INFO  ContactFormServer - Server started on port 8000
19:16:19.853 [HTTP-Dispatcher] INFO  ContactFormServer - Received contact form:
19:16:19.856 [HTTP-Dispatcher] INFO  ContactFormServer - firstName:

19:16:19.856 [HTTP-Dispatcher] INFO  ContactFormServer - ju
19:16:19.856 [HTTP-Dispatcher] INFO  ContactFormServer - lastName:

19:16:19.856 [HTTP-Dispatcher] INFO  ContactFormServer - gl
19:16:19.856 [HTTP-Dispatcher] INFO  ContactFormServer - phone:

19:16:19.857 [HTTP-Dispatcher] INFO  ContactFormServer - 234
19:16:19.857 [HTTP-Dispatcher] INFO  ContactFormServer - message:

19:16:19.857 [HTTP-Dispatcher] INFO  ContactFormServer - jg
19:16:19.857 [HTTP-Dispatcher] INFO  ContactFormServer - email:

19:16:19.857 [HTTP-Dispatcher] INFO  ContactFormServer - j@g.com
